[0.075s] DEBUG:colcon:Command line arguments: ['/usr/bin/colcon', 'build', '--symlink-install']
[0.075s] DEBUG:colcon:Parsed command line arguments: Namespace(log_base=None, log_level=None, verb_name='build', build_base='build', install_base='install', merge_install=False, symlink_install=True, test_result_base=None, continue_on_error=False, executor='parallel', parallel_workers=2, event_handlers=None, ignore_user_meta=False, metas=['./colcon.meta'], base_paths=['.'], packages_ignore=None, packages_ignore_regex=None, paths=None, packages_up_to=None, packages_up_to_regex=None, packages_above=None, packages_above_and_dependencies=None, packages_above_depth=None, packages_select_by_dep=None, packages_skip_by_dep=None, packages_skip_up_to=None, packages_select_build_failed=False, packages_skip_build_finished=False, packages_select_test_failures=False, packages_skip_test_passed=False, packages_select=None, packages_skip=None, packages_select_regex=None, packages_skip_regex=None, packages_start=None, packages_end=None, allow_overriding=[], cmake_args=None, cmake_target=None, cmake_target_skip_unavailable=False, cmake_clean_cache=False, cmake_clean_first=False, cmake_force_configure=False, ament_cmake_args=None, catkin_cmake_args=None, catkin_skip_building_tests=False, mixin_files=None, mixin=None, verb_parser=<colcon_mixin.mixin.mixin_argument.MixinArgumentDecorator object at 0xffff8885a4a0>, verb_extension=<colcon_core.verb.build.BuildVerb object at 0xffff88859ed0>, main=<bound method BuildVerb.main of <colcon_core.verb.build.BuildVerb object at 0xffff88859ed0>>, mixin_verb=('build',))
[0.173s] Level 1:colcon.colcon_core.package_discovery:discover_packages(colcon_meta) check parameters
[0.173s] Level 1:colcon.colcon_core.package_discovery:discover_packages(recursive) check parameters
[0.173s] Level 1:colcon.colcon_core.package_discovery:discover_packages(ignore) check parameters
[0.173s] Level 1:colcon.colcon_core.package_discovery:discover_packages(path) check parameters
[0.173s] Level 1:colcon.colcon_core.package_discovery:discover_packages(colcon_meta) discover
[0.173s] Level 1:colcon.colcon_core.package_discovery:discover_packages(recursive) discover
[0.173s] INFO:colcon.colcon_core.package_discovery:Crawling recursively for packages in '/home/parallels/DynORB'
[0.173s] Level 1:colcon.colcon_core.package_identification:_identify(.) by extensions ['ignore', 'ignore_ament_install']
[0.173s] Level 1:colcon.colcon_core.package_identification:_identify(.) by extension 'ignore'
[0.173s] Level 1:colcon.colcon_core.package_identification:_identify(.) by extension 'ignore_ament_install'
[0.173s] Level 1:colcon.colcon_core.package_identification:_identify(.) by extensions ['colcon_pkg']
[0.173s] Level 1:colcon.colcon_core.package_identification:_identify(.) by extension 'colcon_pkg'
[0.173s] Level 1:colcon.colcon_core.package_identification:_identify(.) by extensions ['colcon_meta']
[0.173s] Level 1:colcon.colcon_core.package_identification:_identify(.) by extension 'colcon_meta'
[0.173s] Level 1:colcon.colcon_core.package_identification:_identify(.) by extensions ['ros']
[0.173s] Level 1:colcon.colcon_core.package_identification:_identify(.) by extension 'ros'
[0.182s] Level 1:colcon.colcon_core.package_identification:_identify(.) by extensions ['cmake', 'python']
[0.182s] Level 1:colcon.colcon_core.package_identification:_identify(.) by extension 'cmake'
[0.198s] Level 1:colcon.colcon_core.package_identification:_identify(.) by extension 'python'
[0.198s] DEBUG:colcon.colcon_core.package_identification:Package '.' with type 'cmake' and name 'ORB_SLAM2'
[0.198s] Level 1:colcon.colcon_core.package_discovery:discover_packages(recursive) using defaults
[0.199s] Level 1:colcon.colcon_core.package_discovery:discover_packages(ignore) discover
[0.199s] Level 1:colcon.colcon_core.package_discovery:discover_packages(ignore) using defaults
[0.199s] Level 1:colcon.colcon_core.package_discovery:discover_packages(path) discover
[0.199s] Level 1:colcon.colcon_core.package_discovery:discover_packages(path) using defaults
[0.212s] Level 1:colcon.colcon_core.package_discovery:discover_packages(prefix_path) check parameters
[0.212s] Level 1:colcon.colcon_core.package_discovery:discover_packages(prefix_path) discover
[0.212s] Level 1:colcon.colcon_core.package_discovery:discover_packages(prefix_path) using defaults
[0.213s] Level 5:colcon.colcon_core.verb:set package 'ORB_SLAM2' build argument 'cmake_args' from command line to 'None'
[0.213s] Level 5:colcon.colcon_core.verb:set package 'ORB_SLAM2' build argument 'cmake_target' from command line to 'None'
[0.213s] Level 5:colcon.colcon_core.verb:set package 'ORB_SLAM2' build argument 'cmake_target_skip_unavailable' from command line to 'False'
[0.213s] Level 5:colcon.colcon_core.verb:set package 'ORB_SLAM2' build argument 'cmake_clean_cache' from command line to 'False'
[0.213s] Level 5:colcon.colcon_core.verb:set package 'ORB_SLAM2' build argument 'cmake_clean_first' from command line to 'False'
[0.213s] Level 5:colcon.colcon_core.verb:set package 'ORB_SLAM2' build argument 'cmake_force_configure' from command line to 'False'
[0.213s] Level 5:colcon.colcon_core.verb:set package 'ORB_SLAM2' build argument 'ament_cmake_args' from command line to 'None'
[0.213s] Level 5:colcon.colcon_core.verb:set package 'ORB_SLAM2' build argument 'catkin_cmake_args' from command line to 'None'
[0.213s] Level 5:colcon.colcon_core.verb:set package 'ORB_SLAM2' build argument 'catkin_skip_building_tests' from command line to 'False'
[0.213s] DEBUG:colcon.colcon_core.verb:Building package 'ORB_SLAM2' with the following arguments: {'ament_cmake_args': None, 'build_base': '/home/parallels/DynORB/build/ORB_SLAM2', 'catkin_cmake_args': None, 'catkin_skip_building_tests': False, 'cmake_args': None, 'cmake_clean_cache': False, 'cmake_clean_first': False, 'cmake_force_configure': False, 'cmake_target': None, 'cmake_target_skip_unavailable': False, 'install_base': '/home/parallels/DynORB/install/ORB_SLAM2', 'merge_install': False, 'path': '/home/parallels/DynORB', 'symlink_install': True, 'test_result_base': None}
[0.213s] INFO:colcon.colcon_core.executor:Executing jobs using 'parallel' executor
[0.214s] DEBUG:colcon.colcon_parallel_executor.executor.parallel:run_until_complete
[0.214s] INFO:colcon.colcon_cmake.task.cmake.build:Building CMake package in '/home/parallels/DynORB'
[0.215s] INFO:colcon.colcon_core.plugin_system:Skipping extension 'colcon_core.shell.bat': Not used on non-Windows systems
[0.215s] INFO:colcon.colcon_core.shell:Skip shell extension 'powershell' for command environment: Not usable outside of PowerShell
[0.215s] DEBUG:colcon.colcon_core.shell:Skip shell extension 'dsv' for command environment
[0.218s] DEBUG:colcon.colcon_core.event_handler.log_command:Invoking command in '/home/parallels/DynORB/build/ORB_SLAM2': /usr/bin/cmake /home/parallels/DynORB -DCMAKE_INSTALL_PREFIX=/home/parallels/DynORB/install/ORB_SLAM2
[0.662s] DEBUG:colcon.colcon_core.event_handler.log_command:Invoked command in '/home/parallels/DynORB/build/ORB_SLAM2' returned '0': /usr/bin/cmake /home/parallels/DynORB -DCMAKE_INSTALL_PREFIX=/home/parallels/DynORB/install/ORB_SLAM2
[0.663s] DEBUG:colcon.colcon_core.event_handler.log_command:Invoking command in '/home/parallels/DynORB/build/ORB_SLAM2': /usr/bin/cmake --build /home/parallels/DynORB/build/ORB_SLAM2 -- -j2 -l2
[74.729s] DEBUG:colcon.colcon_core.event_handler.log_command:Invoked command in '/home/parallels/DynORB/build/ORB_SLAM2' returned '0': /usr/bin/cmake --build /home/parallels/DynORB/build/ORB_SLAM2 -- -j2 -l2
[74.756s] WARNING:colcon.colcon_cmake.task.cmake.build:Could not run installation step for package 'ORB_SLAM2' because it has no 'install' target
[74.760s] Level 1:colcon.colcon_core.environment:create_environment_scripts_only(ORB_SLAM2)
[74.808s] Level 1:colcon.colcon_core.environment:checking '/home/parallels/DynORB/install/ORB_SLAM2' for CMake module files
[74.810s] Level 1:colcon.colcon_core.environment:checking '/home/parallels/DynORB/install/ORB_SLAM2' for CMake config files
[74.827s] Level 1:colcon.colcon_core.environment:checking '/home/parallels/DynORB/install/ORB_SLAM2/bin'
[74.827s] Level 1:colcon.colcon_core.environment:checking '/home/parallels/DynORB/install/ORB_SLAM2/lib/pkgconfig/ORB_SLAM2.pc'
[74.838s] Level 1:colcon.colcon_core.environment:checking '/home/parallels/DynORB/install/ORB_SLAM2/lib/python3.10/site-packages'
[74.838s] Level 1:colcon.colcon_core.environment:checking '/home/parallels/DynORB/install/ORB_SLAM2/bin'
[74.841s] INFO:colcon.colcon_core.shell:Creating package script '/home/parallels/DynORB/install/ORB_SLAM2/share/ORB_SLAM2/package.ps1'
[74.855s] INFO:colcon.colcon_core.shell:Creating package descriptor '/home/parallels/DynORB/install/ORB_SLAM2/share/ORB_SLAM2/package.dsv'
[74.857s] INFO:colcon.colcon_core.shell:Creating package script '/home/parallels/DynORB/install/ORB_SLAM2/share/ORB_SLAM2/package.sh'
[74.858s] INFO:colcon.colcon_core.shell:Creating package script '/home/parallels/DynORB/install/ORB_SLAM2/share/ORB_SLAM2/package.bash'
[74.860s] INFO:colcon.colcon_core.shell:Creating package script '/home/parallels/DynORB/install/ORB_SLAM2/share/ORB_SLAM2/package.zsh'
[74.861s] Level 1:colcon.colcon_core.environment:create_file_with_runtime_dependencies(/home/parallels/DynORB/install/ORB_SLAM2/share/colcon-core/packages/ORB_SLAM2)
[74.871s] DEBUG:colcon.colcon_parallel_executor.executor.parallel:closing loop
[74.874s] DEBUG:colcon.colcon_parallel_executor.executor.parallel:loop closed
[74.875s] DEBUG:colcon.colcon_parallel_executor.executor.parallel:run_until_complete finished with '0'
[74.875s] DEBUG:colcon.colcon_core.event_reactor:joining thread
[74.927s] INFO:colcon.colcon_core.plugin_system:Skipping extension 'colcon_notification.desktop_notification.terminal_notifier': Not used on non-Darwin systems
[74.927s] INFO:colcon.colcon_core.plugin_system:Skipping extension 'colcon_notification.desktop_notification.win32': Not used on non-Windows systems
[74.927s] INFO:colcon.colcon_notification.desktop_notification:Sending desktop notification using 'notify2'
[75.008s] DEBUG:colcon.colcon_core.event_reactor:joined thread
[75.011s] INFO:colcon.colcon_core.shell:Creating prefix script '/home/parallels/DynORB/install/local_setup.ps1'
[75.012s] INFO:colcon.colcon_core.shell:Creating prefix util module '/home/parallels/DynORB/install/_local_setup_util_ps1.py'
[75.014s] INFO:colcon.colcon_core.shell:Creating prefix chain script '/home/parallels/DynORB/install/setup.ps1'
[75.017s] INFO:colcon.colcon_core.shell:Creating prefix script '/home/parallels/DynORB/install/local_setup.sh'
[75.018s] INFO:colcon.colcon_core.shell:Creating prefix util module '/home/parallels/DynORB/install/_local_setup_util_sh.py'
[75.018s] INFO:colcon.colcon_core.shell:Creating prefix chain script '/home/parallels/DynORB/install/setup.sh'
[75.020s] INFO:colcon.colcon_core.shell:Creating prefix script '/home/parallels/DynORB/install/local_setup.bash'
[75.021s] INFO:colcon.colcon_core.shell:Creating prefix chain script '/home/parallels/DynORB/install/setup.bash'
[75.022s] INFO:colcon.colcon_core.shell:Creating prefix script '/home/parallels/DynORB/install/local_setup.zsh'
[75.023s] INFO:colcon.colcon_core.shell:Creating prefix chain script '/home/parallels/DynORB/install/setup.zsh'
