[0.079s] DEBUG:colcon:Command line arguments: ['/usr/bin/colcon', 'build']
[0.079s] DEBUG:colcon:Parsed command line arguments: Namespace(log_base=None, log_level=None, verb_name='build', build_base='build', install_base='install', merge_install=False, symlink_install=False, test_result_base=None, continue_on_error=False, executor='parallel', parallel_workers=2, event_handlers=None, ignore_user_meta=False, metas=['./colcon.meta'], base_paths=['.'], packages_ignore=None, packages_ignore_regex=None, paths=None, packages_up_to=None, packages_up_to_regex=None, packages_above=None, packages_above_and_dependencies=None, packages_above_depth=None, packages_select_by_dep=None, packages_skip_by_dep=None, packages_skip_up_to=None, packages_select_build_failed=False, packages_skip_build_finished=False, packages_select_test_failures=False, packages_skip_test_passed=False, packages_select=None, packages_skip=None, packages_select_regex=None, packages_skip_regex=None, packages_start=None, packages_end=None, allow_overriding=[], cmake_args=None, cmake_target=None, cmake_target_skip_unavailable=False, cmake_clean_cache=False, cmake_clean_first=False, cmake_force_configure=False, ament_cmake_args=None, catkin_cmake_args=None, catkin_skip_building_tests=False, mixin_files=None, mixin=None, verb_parser=<colcon_mixin.mixin.mixin_argument.MixinArgumentDecorator object at 0xffffb5ed2ec0>, verb_extension=<colcon_core.verb.build.BuildVerb object at 0xffffb5ed28f0>, main=<bound method BuildVerb.main of <colcon_core.verb.build.BuildVerb object at 0xffffb5ed28f0>>, mixin_verb=('build',))
[0.211s] Level 1:colcon.colcon_core.package_discovery:discover_packages(colcon_meta) check parameters
[0.211s] Level 1:colcon.colcon_core.package_discovery:discover_packages(recursive) check parameters
[0.211s] Level 1:colcon.colcon_core.package_discovery:discover_packages(ignore) check parameters
[0.211s] Level 1:colcon.colcon_core.package_discovery:discover_packages(path) check parameters
[0.211s] Level 1:colcon.colcon_core.package_discovery:discover_packages(colcon_meta) discover
[0.211s] Level 1:colcon.colcon_core.package_discovery:discover_packages(recursive) discover
[0.211s] INFO:colcon.colcon_core.package_discovery:Crawling recursively for packages in '/home/parallels/DynORBBase/src/dynorb'
[0.211s] Level 1:colcon.colcon_core.package_identification:_identify(.) by extensions ['ignore', 'ignore_ament_install']
[0.212s] Level 1:colcon.colcon_core.package_identification:_identify(.) by extension 'ignore'
[0.212s] Level 1:colcon.colcon_core.package_identification:_identify(.) by extension 'ignore_ament_install'
[0.212s] Level 1:colcon.colcon_core.package_identification:_identify(.) by extensions ['colcon_pkg']
[0.212s] Level 1:colcon.colcon_core.package_identification:_identify(.) by extension 'colcon_pkg'
[0.212s] Level 1:colcon.colcon_core.package_identification:_identify(.) by extensions ['colcon_meta']
[0.212s] Level 1:colcon.colcon_core.package_identification:_identify(.) by extension 'colcon_meta'
[0.212s] Level 1:colcon.colcon_core.package_identification:_identify(.) by extensions ['ros']
[0.212s] Level 1:colcon.colcon_core.package_identification:_identify(.) by extension 'ros'
[0.222s] DEBUG:colcon.colcon_core.package_identification:Package '.' with type 'ros.ament_cmake' and name 'dynorb'
[0.222s] Level 1:colcon.colcon_core.package_discovery:discover_packages(recursive) using defaults
[0.222s] Level 1:colcon.colcon_core.package_discovery:discover_packages(ignore) discover
[0.222s] Level 1:colcon.colcon_core.package_discovery:discover_packages(ignore) using defaults
[0.222s] Level 1:colcon.colcon_core.package_discovery:discover_packages(path) discover
[0.222s] Level 1:colcon.colcon_core.package_discovery:discover_packages(path) using defaults
[0.244s] Level 1:colcon.colcon_core.package_discovery:discover_packages(prefix_path) check parameters
[0.244s] Level 1:colcon.colcon_core.package_discovery:discover_packages(prefix_path) discover
[0.245s] DEBUG:colcon.colcon_installed_package_information.package_discovery:Found 4 installed packages in /home/parallels/DynORBBase/src/install
[0.246s] DEBUG:colcon.colcon_installed_package_information.package_discovery:Found 270 installed packages in /opt/ros/humble
[0.246s] Level 1:colcon.colcon_core.package_discovery:discover_packages(prefix_path) using defaults
[0.271s] Level 5:colcon.colcon_core.verb:set package 'dynorb' build argument 'cmake_args' from command line to 'None'
[0.271s] Level 5:colcon.colcon_core.verb:set package 'dynorb' build argument 'cmake_target' from command line to 'None'
[0.271s] Level 5:colcon.colcon_core.verb:set package 'dynorb' build argument 'cmake_target_skip_unavailable' from command line to 'False'
[0.271s] Level 5:colcon.colcon_core.verb:set package 'dynorb' build argument 'cmake_clean_cache' from command line to 'False'
[0.271s] Level 5:colcon.colcon_core.verb:set package 'dynorb' build argument 'cmake_clean_first' from command line to 'False'
[0.271s] Level 5:colcon.colcon_core.verb:set package 'dynorb' build argument 'cmake_force_configure' from command line to 'False'
[0.271s] Level 5:colcon.colcon_core.verb:set package 'dynorb' build argument 'ament_cmake_args' from command line to 'None'
[0.271s] Level 5:colcon.colcon_core.verb:set package 'dynorb' build argument 'catkin_cmake_args' from command line to 'None'
[0.271s] Level 5:colcon.colcon_core.verb:set package 'dynorb' build argument 'catkin_skip_building_tests' from command line to 'False'
[0.271s] DEBUG:colcon.colcon_core.verb:Building package 'dynorb' with the following arguments: {'ament_cmake_args': None, 'build_base': '/home/parallels/DynORBBase/src/dynorb/build/dynorb', 'catkin_cmake_args': None, 'catkin_skip_building_tests': False, 'cmake_args': None, 'cmake_clean_cache': False, 'cmake_clean_first': False, 'cmake_force_configure': False, 'cmake_target': None, 'cmake_target_skip_unavailable': False, 'install_base': '/home/parallels/DynORBBase/src/dynorb/install/dynorb', 'merge_install': False, 'path': '/home/parallels/DynORBBase/src/dynorb', 'symlink_install': False, 'test_result_base': None}
[0.271s] INFO:colcon.colcon_core.executor:Executing jobs using 'parallel' executor
[0.272s] DEBUG:colcon.colcon_parallel_executor.executor.parallel:run_until_complete
[0.273s] INFO:colcon.colcon_ros.task.ament_cmake.build:Building ROS package in '/home/parallels/DynORBBase/src/dynorb' with build type 'ament_cmake'
[0.273s] INFO:colcon.colcon_cmake.task.cmake.build:Building CMake package in '/home/parallels/DynORBBase/src/dynorb'
[0.274s] INFO:colcon.colcon_core.plugin_system:Skipping extension 'colcon_core.shell.bat': Not used on non-Windows systems
[0.274s] INFO:colcon.colcon_core.shell:Skip shell extension 'powershell' for command environment: Not usable outside of PowerShell
[0.274s] DEBUG:colcon.colcon_core.shell:Skip shell extension 'dsv' for command environment
[0.280s] DEBUG:colcon.colcon_core.event_handler.log_command:Invoking command in '/home/parallels/DynORBBase/src/dynorb/build/dynorb': CMAKE_PREFIX_PATH=${CMAKE_PREFIX_PATH}:/home/parallels/DynORBBase/src/install/sam_tracking:/opt/ros/humble /usr/bin/cmake --build /home/parallels/DynORBBase/src/dynorb/build/dynorb -- -j2 -l2
[94.193s] DEBUG:colcon.colcon_core.event_handler.log_command:Invoked command in '/home/parallels/DynORBBase/src/dynorb/build/dynorb' returned '0': CMAKE_PREFIX_PATH=${CMAKE_PREFIX_PATH}:/home/parallels/DynORBBase/src/install/sam_tracking:/opt/ros/humble /usr/bin/cmake --build /home/parallels/DynORBBase/src/dynorb/build/dynorb -- -j2 -l2
[94.282s] DEBUG:colcon.colcon_core.event_handler.log_command:Invoking command in '/home/parallels/DynORBBase/src/dynorb/build/dynorb': CMAKE_PREFIX_PATH=${CMAKE_PREFIX_PATH}:/home/parallels/DynORBBase/src/install/sam_tracking:/opt/ros/humble /usr/bin/cmake --install /home/parallels/DynORBBase/src/dynorb/build/dynorb
[94.296s] Level 1:colcon.colcon_core.environment:create_environment_scripts_only(dynorb)
[94.310s] DEBUG:colcon.colcon_core.event_handler.log_command:Invoked command in '/home/parallels/DynORBBase/src/dynorb/build/dynorb' returned '0': CMAKE_PREFIX_PATH=${CMAKE_PREFIX_PATH}:/home/parallels/DynORBBase/src/install/sam_tracking:/opt/ros/humble /usr/bin/cmake --install /home/parallels/DynORBBase/src/dynorb/build/dynorb
[94.330s] Level 1:colcon.colcon_core.environment:checking '/home/parallels/DynORBBase/src/dynorb/install/dynorb' for CMake module files
[94.333s] Level 1:colcon.colcon_core.environment:checking '/home/parallels/DynORBBase/src/dynorb/install/dynorb' for CMake config files
[94.334s] Level 1:colcon.colcon_core.shell:create_environment_hook('dynorb', 'cmake_prefix_path')
[94.337s] INFO:colcon.colcon_core.shell:Creating environment hook '/home/parallels/DynORBBase/src/dynorb/install/dynorb/share/dynorb/hook/cmake_prefix_path.ps1'
[94.351s] INFO:colcon.colcon_core.shell:Creating environment descriptor '/home/parallels/DynORBBase/src/dynorb/install/dynorb/share/dynorb/hook/cmake_prefix_path.dsv'
[94.352s] INFO:colcon.colcon_core.shell:Creating environment hook '/home/parallels/DynORBBase/src/dynorb/install/dynorb/share/dynorb/hook/cmake_prefix_path.sh'
[94.359s] Level 1:colcon.colcon_core.environment:checking '/home/parallels/DynORBBase/src/dynorb/install/dynorb/bin'
[94.360s] Level 1:colcon.colcon_core.environment:checking '/home/parallels/DynORBBase/src/dynorb/install/dynorb/lib/pkgconfig/dynorb.pc'
[94.364s] Level 1:colcon.colcon_core.environment:checking '/home/parallels/DynORBBase/src/dynorb/install/dynorb/lib/python3.10/site-packages'
[94.364s] Level 1:colcon.colcon_core.environment:checking '/home/parallels/DynORBBase/src/dynorb/install/dynorb/bin'
[94.365s] INFO:colcon.colcon_core.shell:Creating package script '/home/parallels/DynORBBase/src/dynorb/install/dynorb/share/dynorb/package.ps1'
[94.367s] INFO:colcon.colcon_core.shell:Creating package descriptor '/home/parallels/DynORBBase/src/dynorb/install/dynorb/share/dynorb/package.dsv'
[94.368s] INFO:colcon.colcon_core.shell:Creating package script '/home/parallels/DynORBBase/src/dynorb/install/dynorb/share/dynorb/package.sh'
[94.369s] INFO:colcon.colcon_core.shell:Creating package script '/home/parallels/DynORBBase/src/dynorb/install/dynorb/share/dynorb/package.bash'
[94.371s] INFO:colcon.colcon_core.shell:Creating package script '/home/parallels/DynORBBase/src/dynorb/install/dynorb/share/dynorb/package.zsh'
[94.372s] Level 1:colcon.colcon_core.environment:create_file_with_runtime_dependencies(/home/parallels/DynORBBase/src/dynorb/install/dynorb/share/colcon-core/packages/dynorb)
[94.431s] Level 1:colcon.colcon_core.environment:create_environment_scripts_only(dynorb)
[94.431s] Level 1:colcon.colcon_core.environment:checking '/home/parallels/DynORBBase/src/dynorb/install/dynorb' for CMake module files
[94.432s] Level 1:colcon.colcon_core.environment:checking '/home/parallels/DynORBBase/src/dynorb/install/dynorb' for CMake config files
[94.432s] Level 1:colcon.colcon_core.shell:create_environment_hook('dynorb', 'cmake_prefix_path')
[94.432s] INFO:colcon.colcon_core.shell:Creating environment hook '/home/parallels/DynORBBase/src/dynorb/install/dynorb/share/dynorb/hook/cmake_prefix_path.ps1'
[94.433s] INFO:colcon.colcon_core.shell:Creating environment descriptor '/home/parallels/DynORBBase/src/dynorb/install/dynorb/share/dynorb/hook/cmake_prefix_path.dsv'
[94.433s] INFO:colcon.colcon_core.shell:Creating environment hook '/home/parallels/DynORBBase/src/dynorb/install/dynorb/share/dynorb/hook/cmake_prefix_path.sh'
[94.435s] Level 1:colcon.colcon_core.environment:checking '/home/parallels/DynORBBase/src/dynorb/install/dynorb/bin'
[94.435s] Level 1:colcon.colcon_core.environment:checking '/home/parallels/DynORBBase/src/dynorb/install/dynorb/lib/pkgconfig/dynorb.pc'
[94.435s] Level 1:colcon.colcon_core.environment:checking '/home/parallels/DynORBBase/src/dynorb/install/dynorb/lib/python3.10/site-packages'
[94.435s] Level 1:colcon.colcon_core.environment:checking '/home/parallels/DynORBBase/src/dynorb/install/dynorb/bin'
[94.435s] INFO:colcon.colcon_core.shell:Creating package script '/home/parallels/DynORBBase/src/dynorb/install/dynorb/share/dynorb/package.ps1'
[94.435s] INFO:colcon.colcon_core.shell:Creating package descriptor '/home/parallels/DynORBBase/src/dynorb/install/dynorb/share/dynorb/package.dsv'
[94.436s] INFO:colcon.colcon_core.shell:Creating package script '/home/parallels/DynORBBase/src/dynorb/install/dynorb/share/dynorb/package.sh'
[94.436s] INFO:colcon.colcon_core.shell:Creating package script '/home/parallels/DynORBBase/src/dynorb/install/dynorb/share/dynorb/package.bash'
[94.436s] INFO:colcon.colcon_core.shell:Creating package script '/home/parallels/DynORBBase/src/dynorb/install/dynorb/share/dynorb/package.zsh'
[94.437s] Level 1:colcon.colcon_core.environment:create_file_with_runtime_dependencies(/home/parallels/DynORBBase/src/dynorb/install/dynorb/share/colcon-core/packages/dynorb)
[94.439s] DEBUG:colcon.colcon_parallel_executor.executor.parallel:closing loop
[94.443s] DEBUG:colcon.colcon_parallel_executor.executor.parallel:loop closed
[94.446s] DEBUG:colcon.colcon_parallel_executor.executor.parallel:run_until_complete finished with '0'
[94.446s] DEBUG:colcon.colcon_core.event_reactor:joining thread
[94.508s] INFO:colcon.colcon_core.plugin_system:Skipping extension 'colcon_notification.desktop_notification.terminal_notifier': Not used on non-Darwin systems
[94.508s] INFO:colcon.colcon_core.plugin_system:Skipping extension 'colcon_notification.desktop_notification.win32': Not used on non-Windows systems
[94.508s] INFO:colcon.colcon_notification.desktop_notification:Sending desktop notification using 'notify2'
[94.525s] DEBUG:colcon.colcon_core.event_reactor:joined thread
[94.528s] INFO:colcon.colcon_core.shell:Creating prefix script '/home/parallels/DynORBBase/src/dynorb/install/local_setup.ps1'
[94.529s] INFO:colcon.colcon_core.shell:Creating prefix util module '/home/parallels/DynORBBase/src/dynorb/install/_local_setup_util_ps1.py'
[94.533s] INFO:colcon.colcon_core.shell:Creating prefix chain script '/home/parallels/DynORBBase/src/dynorb/install/setup.ps1'
[94.537s] INFO:colcon.colcon_core.shell:Creating prefix script '/home/parallels/DynORBBase/src/dynorb/install/local_setup.sh'
[94.537s] INFO:colcon.colcon_core.shell:Creating prefix util module '/home/parallels/DynORBBase/src/dynorb/install/_local_setup_util_sh.py'
[94.538s] INFO:colcon.colcon_core.shell:Creating prefix chain script '/home/parallels/DynORBBase/src/dynorb/install/setup.sh'
[94.539s] INFO:colcon.colcon_core.shell:Creating prefix script '/home/parallels/DynORBBase/src/dynorb/install/local_setup.bash'
[94.539s] INFO:colcon.colcon_core.shell:Creating prefix chain script '/home/parallels/DynORBBase/src/dynorb/install/setup.bash'
[94.541s] INFO:colcon.colcon_core.shell:Creating prefix script '/home/parallels/DynORBBase/src/dynorb/install/local_setup.zsh'
[94.541s] INFO:colcon.colcon_core.shell:Creating prefix chain script '/home/parallels/DynORBBase/src/dynorb/install/setup.zsh'
