-- Found ament_cmake: 1.3.10 (/opt/ros/humble/share/ament_cmake/cmake)
-- Found rclcpp: 16.0.10 (/opt/ros/humble/share/rclcpp/cmake)
-- Found rosidl_generator_c: 3.1.5 (/opt/ros/humble/share/rosidl_generator_c/cmake)
-- Found rosidl_adapter: 3.1.5 (/opt/ros/humble/share/rosidl_adapter/cmake)
-- Found rosidl_generator_cpp: 3.1.5 (/opt/ros/humble/share/rosidl_generator_cpp/cmake)
-- Using all available rosidl_typesupport_c: rosidl_typesupport_fastrtps_c;rosidl_typesupport_introspection_c
-- Using all available rosidl_typesupport_cpp: rosidl_typesupport_fastrtps_cpp;rosidl_typesupport_introspection_cpp
-- Found rmw_implementation_cmake: 6.1.2 (/opt/ros/humble/share/rmw_implementation_cmake/cmake)
-- Found rmw_fastrtps_cpp: 6.2.7 (/opt/ros/humble/share/rmw_fastrtps_cpp/cmake)
-- Using RMW implementation 'rmw_fastrtps_cpp' as default
-- Found sensor_msgs: 4.2.4 (/opt/ros/humble/share/sensor_msgs/cmake)
-- Found rosidl_default_generators: 1.2.0 (/opt/ros/humble/share/rosidl_default_generators/cmake)
-- Found dynorb_interface: 0.0.0 (/home/parallels/DynORBBase/src/install/dynorb_interface/share/dynorb_interface/cmake)
-- Performing Test COMPILER_SUPPORTS_CXX11
-- Performing Test COMPILER_SUPPORTS_CXX11 - Success
-- Using flag -std=c++17.
-- Found ament_lint_auto: 0.12.11 (/opt/ros/humble/share/ament_lint_auto/cmake)
-- Added test 'cppcheck' to perform static code analysis on C / C++ code
-- Configured cppcheck include dirs: /home/parallels/DynORBBase/src/dynorb/include
-- Configured cppcheck exclude dirs and/or files: 
-- Added test 'flake8' to check Python code syntax and style conventions
-- Added test 'lint_cmake' to check CMake code style
-- Added test 'pep257' to check Python code against some of the docstring style conventions in PEP 257
-- Added test 'uncrustify' to check C / C++ code style
-- Configured uncrustify additional arguments: 
-- Added test 'xmllint' to check XML markup files
-- Configuring done
-- Generating done
-- Build files have been written to: /home/parallels/DynORBBase/src/dynorb/build/dynorb
[35m[1mConsolidate compiler generated dependencies of target dynorb[0m
[  3%] [32mBuilding CXX object CMakeFiles/dynorb.dir/src/System.cc.o[0m
[  6%] [32mBuilding CXX object CMakeFiles/dynorb.dir/src/Tracking.cc.o[0m
[  9%] [32mBuilding CXX object CMakeFiles/dynorb.dir/src/LocalMapping.cc.o[0m
[ 12%] [32mBuilding CXX object CMakeFiles/dynorb.dir/src/LoopClosing.cc.o[0m
[ 15%] [32mBuilding CXX object CMakeFiles/dynorb.dir/src/ORBextractor.cc.o[0m
[ 18%] [32mBuilding CXX object CMakeFiles/dynorb.dir/src/ORBmatcher.cc.o[0m
[ 21%] [32mBuilding CXX object CMakeFiles/dynorb.dir/src/FrameDrawer.cc.o[0m
[ 25%] [32mBuilding CXX object CMakeFiles/dynorb.dir/src/Converter.cc.o[0m
[ 28%] [32mBuilding CXX object CMakeFiles/dynorb.dir/src/MapPoint.cc.o[0m
[ 31%] [32mBuilding CXX object CMakeFiles/dynorb.dir/src/KeyFrame.cc.o[0m
[ 34%] [32mBuilding CXX object CMakeFiles/dynorb.dir/src/Map.cc.o[0m
[ 37%] [32mBuilding CXX object CMakeFiles/dynorb.dir/src/MapDrawer.cc.o[0m
[ 40%] [32mBuilding CXX object CMakeFiles/dynorb.dir/src/Optimizer.cc.o[0m
[ 43%] [32mBuilding CXX object CMakeFiles/dynorb.dir/src/PnPsolver.cc.o[0m
[ 46%] [32mBuilding CXX object CMakeFiles/dynorb.dir/src/Frame.cc.o[0m
[ 50%] [32mBuilding CXX object CMakeFiles/dynorb.dir/src/KeyFrameDatabase.cc.o[0m
[ 53%] [32mBuilding CXX object CMakeFiles/dynorb.dir/src/Sim3Solver.cc.o[0m
[ 56%] [32mBuilding CXX object CMakeFiles/dynorb.dir/src/Initializer.cc.o[0m
[ 59%] [32mBuilding CXX object CMakeFiles/dynorb.dir/src/Viewer.cc.o[0m
[ 62%] [32m[1mLinking CXX shared library ../../lib/libdynorb.so[0m
[ 62%] Built target dynorb
[ 65%] [32mBuilding CXX object CMakeFiles/rgbd_tum.dir/Examples/RGB-D/rgbd_tum.cc.o[0m
[ 68%] [32mBuilding CXX object CMakeFiles/stereo_kitti.dir/Examples/Stereo/stereo_kitti.cc.o[0m
[ 71%] [32m[1mLinking CXX executable ../../Examples/RGB-D/rgbd_tum[0m
[ 75%] [32m[1mLinking CXX executable ../../Examples/Stereo/stereo_kitti[0m
[ 75%] Built target rgbd_tum
[ 75%] Built target stereo_kitti
[ 78%] [32mBuilding CXX object CMakeFiles/stereo_euroc.dir/Examples/Stereo/stereo_euroc.cc.o[0m
[ 81%] [32m[1mLinking CXX executable ../../Examples/Stereo/stereo_euroc[0m
[ 81%] Built target stereo_euroc
[ 84%] [32mBuilding CXX object CMakeFiles/mono_tum.dir/Examples/Monocular/mono_tum.cc.o[0m
[ 87%] [32m[1mLinking CXX executable ../../Examples/Monocular/mono_tum[0m
[ 87%] Built target mono_tum
[ 90%] [32mBuilding CXX object CMakeFiles/mono_kitti.dir/Examples/Monocular/mono_kitti.cc.o[0m
[ 93%] [32m[1mLinking CXX executable ../../Examples/Monocular/mono_kitti[0m
[ 93%] Built target mono_kitti
[ 96%] [32mBuilding CXX object CMakeFiles/mono_euroc.dir/Examples/Monocular/mono_euroc.cc.o[0m
[100%] [32m[1mLinking CXX executable ../../Examples/Monocular/mono_euroc[0m
[100%] Built target mono_euroc
-- Install configuration: "Release"
-- Installing: /home/parallels/DynORBBase/src/dynorb/install/dynorb/share/ament_index/resource_index/package_run_dependencies/dynorb
-- Installing: /home/parallels/DynORBBase/src/dynorb/install/dynorb/share/ament_index/resource_index/parent_prefix_path/dynorb
-- Installing: /home/parallels/DynORBBase/src/dynorb/install/dynorb/share/dynorb/environment/ament_prefix_path.sh
-- Installing: /home/parallels/DynORBBase/src/dynorb/install/dynorb/share/dynorb/environment/ament_prefix_path.dsv
-- Installing: /home/parallels/DynORBBase/src/dynorb/install/dynorb/share/dynorb/environment/path.sh
-- Installing: /home/parallels/DynORBBase/src/dynorb/install/dynorb/share/dynorb/environment/path.dsv
-- Installing: /home/parallels/DynORBBase/src/dynorb/install/dynorb/share/dynorb/local_setup.bash
-- Installing: /home/parallels/DynORBBase/src/dynorb/install/dynorb/share/dynorb/local_setup.sh
-- Installing: /home/parallels/DynORBBase/src/dynorb/install/dynorb/share/dynorb/local_setup.zsh
-- Installing: /home/parallels/DynORBBase/src/dynorb/install/dynorb/share/dynorb/local_setup.dsv
-- Installing: /home/parallels/DynORBBase/src/dynorb/install/dynorb/share/dynorb/package.dsv
-- Installing: /home/parallels/DynORBBase/src/dynorb/install/dynorb/share/ament_index/resource_index/packages/dynorb
-- Installing: /home/parallels/DynORBBase/src/dynorb/install/dynorb/share/dynorb/cmake/dynorbConfig.cmake
-- Installing: /home/parallels/DynORBBase/src/dynorb/install/dynorb/share/dynorb/cmake/dynorbConfig-version.cmake
-- Installing: /home/parallels/DynORBBase/src/dynorb/install/dynorb/share/dynorb/package.xml
