[0.176s] DEBUG:colcon:Command line arguments: ['/usr/bin/colcon', 'build']
[0.176s] DEBUG:colcon:Parsed command line arguments: Namespace(log_base=None, log_level=None, verb_name='build', build_base='build', install_base='install', merge_install=False, symlink_install=False, test_result_base=None, continue_on_error=False, executor='parallel', parallel_workers=2, event_handlers=None, ignore_user_meta=False, metas=['./colcon.meta'], base_paths=['.'], packages_ignore=None, packages_ignore_regex=None, paths=None, packages_up_to=None, packages_up_to_regex=None, packages_above=None, packages_above_and_dependencies=None, packages_above_depth=None, packages_select_by_dep=None, packages_skip_by_dep=None, packages_skip_up_to=None, packages_select_build_failed=False, packages_skip_build_finished=False, packages_select_test_failures=False, packages_skip_test_passed=False, packages_select=None, packages_skip=None, packages_select_regex=None, packages_skip_regex=None, packages_start=None, packages_end=None, allow_overriding=[], cmake_args=None, cmake_target=None, cmake_target_skip_unavailable=False, cmake_clean_cache=False, cmake_clean_first=False, cmake_force_configure=False, ament_cmake_args=None, catkin_cmake_args=None, catkin_skip_building_tests=False, mixin_files=None, mixin=None, verb_parser=<colcon_mixin.mixin.mixin_argument.MixinArgumentDecorator object at 0xffffae73ac80>, verb_extension=<colcon_core.verb.build.BuildVerb object at 0xffffae73a6b0>, main=<bound method BuildVerb.main of <colcon_core.verb.build.BuildVerb object at 0xffffae73a6b0>>, mixin_verb=('build',))
[0.358s] Level 1:colcon.colcon_core.package_discovery:discover_packages(colcon_meta) check parameters
[0.358s] Level 1:colcon.colcon_core.package_discovery:discover_packages(recursive) check parameters
[0.358s] Level 1:colcon.colcon_core.package_discovery:discover_packages(ignore) check parameters
[0.358s] Level 1:colcon.colcon_core.package_discovery:discover_packages(path) check parameters
[0.358s] Level 1:colcon.colcon_core.package_discovery:discover_packages(colcon_meta) discover
[0.358s] Level 1:colcon.colcon_core.package_discovery:discover_packages(recursive) discover
[0.358s] INFO:colcon.colcon_core.package_discovery:Crawling recursively for packages in '/home/parallels/DynORBBase/src/dynorb'
[0.358s] Level 1:colcon.colcon_core.package_identification:_identify(.) by extensions ['ignore', 'ignore_ament_install']
[0.358s] Level 1:colcon.colcon_core.package_identification:_identify(.) by extension 'ignore'
[0.358s] Level 1:colcon.colcon_core.package_identification:_identify(.) by extension 'ignore_ament_install'
[0.359s] Level 1:colcon.colcon_core.package_identification:_identify(.) by extensions ['colcon_pkg']
[0.359s] Level 1:colcon.colcon_core.package_identification:_identify(.) by extension 'colcon_pkg'
[0.359s] Level 1:colcon.colcon_core.package_identification:_identify(.) by extensions ['colcon_meta']
[0.359s] Level 1:colcon.colcon_core.package_identification:_identify(.) by extension 'colcon_meta'
[0.359s] Level 1:colcon.colcon_core.package_identification:_identify(.) by extensions ['ros']
[0.359s] Level 1:colcon.colcon_core.package_identification:_identify(.) by extension 'ros'
[0.370s] DEBUG:colcon.colcon_core.package_identification:Package '.' with type 'ros.ament_cmake' and name 'dynorb'
[0.370s] Level 1:colcon.colcon_core.package_discovery:discover_packages(recursive) using defaults
[0.370s] Level 1:colcon.colcon_core.package_discovery:discover_packages(ignore) discover
[0.370s] Level 1:colcon.colcon_core.package_discovery:discover_packages(ignore) using defaults
[0.370s] Level 1:colcon.colcon_core.package_discovery:discover_packages(path) discover
[0.370s] Level 1:colcon.colcon_core.package_discovery:discover_packages(path) using defaults
[0.394s] Level 1:colcon.colcon_core.package_discovery:discover_packages(prefix_path) check parameters
[0.394s] Level 1:colcon.colcon_core.package_discovery:discover_packages(prefix_path) discover
[0.395s] DEBUG:colcon.colcon_installed_package_information.package_discovery:Found 2 installed packages in /home/parallels/DynORBBase/src/dynorb/install
[0.396s] DEBUG:colcon.colcon_installed_package_information.package_discovery:Found 3 installed packages in /home/parallels/DynORBBase/install
[0.396s] DEBUG:colcon.colcon_installed_package_information.package_discovery:Found 4 installed packages in /home/parallels/DynORBBase/src/install
[0.397s] DEBUG:colcon.colcon_installed_package_information.package_discovery:Found 270 installed packages in /opt/ros/humble
[0.398s] Level 1:colcon.colcon_core.package_discovery:discover_packages(prefix_path) using defaults
[0.421s] Level 5:colcon.colcon_core.verb:set package 'dynorb' build argument 'cmake_args' from command line to 'None'
[0.422s] Level 5:colcon.colcon_core.verb:set package 'dynorb' build argument 'cmake_target' from command line to 'None'
[0.422s] Level 5:colcon.colcon_core.verb:set package 'dynorb' build argument 'cmake_target_skip_unavailable' from command line to 'False'
[0.422s] Level 5:colcon.colcon_core.verb:set package 'dynorb' build argument 'cmake_clean_cache' from command line to 'False'
[0.422s] Level 5:colcon.colcon_core.verb:set package 'dynorb' build argument 'cmake_clean_first' from command line to 'False'
[0.422s] Level 5:colcon.colcon_core.verb:set package 'dynorb' build argument 'cmake_force_configure' from command line to 'False'
[0.422s] Level 5:colcon.colcon_core.verb:set package 'dynorb' build argument 'ament_cmake_args' from command line to 'None'
[0.422s] Level 5:colcon.colcon_core.verb:set package 'dynorb' build argument 'catkin_cmake_args' from command line to 'None'
[0.422s] Level 5:colcon.colcon_core.verb:set package 'dynorb' build argument 'catkin_skip_building_tests' from command line to 'False'
[0.422s] DEBUG:colcon.colcon_core.verb:Building package 'dynorb' with the following arguments: {'ament_cmake_args': None, 'build_base': '/home/parallels/DynORBBase/src/dynorb/build/dynorb', 'catkin_cmake_args': None, 'catkin_skip_building_tests': False, 'cmake_args': None, 'cmake_clean_cache': False, 'cmake_clean_first': False, 'cmake_force_configure': False, 'cmake_target': None, 'cmake_target_skip_unavailable': False, 'install_base': '/home/parallels/DynORBBase/src/dynorb/install/dynorb', 'merge_install': False, 'path': '/home/parallels/DynORBBase/src/dynorb', 'symlink_install': False, 'test_result_base': None}
[0.422s] INFO:colcon.colcon_core.executor:Executing jobs using 'parallel' executor
[0.422s] DEBUG:colcon.colcon_parallel_executor.executor.parallel:run_until_complete
[0.422s] INFO:colcon.colcon_ros.task.ament_cmake.build:Building ROS package in '/home/parallels/DynORBBase/src/dynorb' with build type 'ament_cmake'
[0.423s] INFO:colcon.colcon_cmake.task.cmake.build:Building CMake package in '/home/parallels/DynORBBase/src/dynorb'
[0.425s] INFO:colcon.colcon_core.plugin_system:Skipping extension 'colcon_core.shell.bat': Not used on non-Windows systems
[0.425s] INFO:colcon.colcon_core.shell:Skip shell extension 'powershell' for command environment: Not usable outside of PowerShell
[0.425s] DEBUG:colcon.colcon_core.shell:Skip shell extension 'dsv' for command environment
[0.431s] DEBUG:colcon.colcon_core.event_handler.log_command:Invoking command in '/home/parallels/DynORBBase/src/dynorb/build/dynorb': CMAKE_PREFIX_PATH=${CMAKE_PREFIX_PATH}:/home/parallels/DynORBBase/install/sam_tracking:/home/parallels/DynORBBase/src/install/sam_tracking:/opt/ros/humble /usr/bin/cmake --build /home/parallels/DynORBBase/src/dynorb/build/dynorb -- -j2 -l2
[56.549s] DEBUG:colcon.colcon_core.event_handler.log_command:Invoked command in '/home/parallels/DynORBBase/src/dynorb/build/dynorb' returned '0': CMAKE_PREFIX_PATH=${CMAKE_PREFIX_PATH}:/home/parallels/DynORBBase/install/sam_tracking:/home/parallels/DynORBBase/src/install/sam_tracking:/opt/ros/humble /usr/bin/cmake --build /home/parallels/DynORBBase/src/dynorb/build/dynorb -- -j2 -l2
[56.591s] DEBUG:colcon.colcon_core.event_handler.log_command:Invoking command in '/home/parallels/DynORBBase/src/dynorb/build/dynorb': CMAKE_PREFIX_PATH=${CMAKE_PREFIX_PATH}:/home/parallels/DynORBBase/install/sam_tracking:/home/parallels/DynORBBase/src/install/sam_tracking:/opt/ros/humble /usr/bin/cmake --install /home/parallels/DynORBBase/src/dynorb/build/dynorb
[56.602s] Level 1:colcon.colcon_core.environment:create_environment_scripts_only(dynorb)
[56.602s] DEBUG:colcon.colcon_core.event_handler.log_command:Invoked command in '/home/parallels/DynORBBase/src/dynorb/build/dynorb' returned '0': CMAKE_PREFIX_PATH=${CMAKE_PREFIX_PATH}:/home/parallels/DynORBBase/install/sam_tracking:/home/parallels/DynORBBase/src/install/sam_tracking:/opt/ros/humble /usr/bin/cmake --install /home/parallels/DynORBBase/src/dynorb/build/dynorb
[56.604s] Level 1:colcon.colcon_core.environment:checking '/home/parallels/DynORBBase/src/dynorb/install/dynorb' for CMake module files
[56.604s] Level 1:colcon.colcon_core.environment:checking '/home/parallels/DynORBBase/src/dynorb/install/dynorb' for CMake config files
[56.605s] Level 1:colcon.colcon_core.shell:create_environment_hook('dynorb', 'cmake_prefix_path')
[56.605s] INFO:colcon.colcon_core.shell:Creating environment hook '/home/parallels/DynORBBase/src/dynorb/install/dynorb/share/dynorb/hook/cmake_prefix_path.ps1'
[56.605s] INFO:colcon.colcon_core.shell:Creating environment descriptor '/home/parallels/DynORBBase/src/dynorb/install/dynorb/share/dynorb/hook/cmake_prefix_path.dsv'
[56.606s] INFO:colcon.colcon_core.shell:Creating environment hook '/home/parallels/DynORBBase/src/dynorb/install/dynorb/share/dynorb/hook/cmake_prefix_path.sh'
[56.606s] Level 1:colcon.colcon_core.environment:checking '/home/parallels/DynORBBase/src/dynorb/install/dynorb/bin'
[56.606s] Level 1:colcon.colcon_core.environment:checking '/home/parallels/DynORBBase/src/dynorb/install/dynorb/lib/pkgconfig/dynorb.pc'
[56.607s] Level 1:colcon.colcon_core.environment:checking '/home/parallels/DynORBBase/src/dynorb/install/dynorb/lib/python3.10/site-packages'
[56.607s] Level 1:colcon.colcon_core.environment:checking '/home/parallels/DynORBBase/src/dynorb/install/dynorb/bin'
[56.607s] INFO:colcon.colcon_core.shell:Creating package script '/home/parallels/DynORBBase/src/dynorb/install/dynorb/share/dynorb/package.ps1'
[56.607s] INFO:colcon.colcon_core.shell:Creating package descriptor '/home/parallels/DynORBBase/src/dynorb/install/dynorb/share/dynorb/package.dsv'
[56.608s] INFO:colcon.colcon_core.shell:Creating package script '/home/parallels/DynORBBase/src/dynorb/install/dynorb/share/dynorb/package.sh'
[56.608s] INFO:colcon.colcon_core.shell:Creating package script '/home/parallels/DynORBBase/src/dynorb/install/dynorb/share/dynorb/package.bash'
[56.608s] INFO:colcon.colcon_core.shell:Creating package script '/home/parallels/DynORBBase/src/dynorb/install/dynorb/share/dynorb/package.zsh'
[56.609s] Level 1:colcon.colcon_core.environment:create_file_with_runtime_dependencies(/home/parallels/DynORBBase/src/dynorb/install/dynorb/share/colcon-core/packages/dynorb)
[56.643s] Level 1:colcon.colcon_core.environment:create_environment_scripts_only(dynorb)
[56.644s] Level 1:colcon.colcon_core.environment:checking '/home/parallels/DynORBBase/src/dynorb/install/dynorb' for CMake module files
[56.644s] Level 1:colcon.colcon_core.environment:checking '/home/parallels/DynORBBase/src/dynorb/install/dynorb' for CMake config files
[56.644s] Level 1:colcon.colcon_core.shell:create_environment_hook('dynorb', 'cmake_prefix_path')
[56.644s] INFO:colcon.colcon_core.shell:Creating environment hook '/home/parallels/DynORBBase/src/dynorb/install/dynorb/share/dynorb/hook/cmake_prefix_path.ps1'
[56.645s] INFO:colcon.colcon_core.shell:Creating environment descriptor '/home/parallels/DynORBBase/src/dynorb/install/dynorb/share/dynorb/hook/cmake_prefix_path.dsv'
[56.645s] INFO:colcon.colcon_core.shell:Creating environment hook '/home/parallels/DynORBBase/src/dynorb/install/dynorb/share/dynorb/hook/cmake_prefix_path.sh'
[56.646s] Level 1:colcon.colcon_core.environment:checking '/home/parallels/DynORBBase/src/dynorb/install/dynorb/bin'
[56.646s] Level 1:colcon.colcon_core.environment:checking '/home/parallels/DynORBBase/src/dynorb/install/dynorb/lib/pkgconfig/dynorb.pc'
[56.646s] Level 1:colcon.colcon_core.environment:checking '/home/parallels/DynORBBase/src/dynorb/install/dynorb/lib/python3.10/site-packages'
[56.646s] Level 1:colcon.colcon_core.environment:checking '/home/parallels/DynORBBase/src/dynorb/install/dynorb/bin'
[56.647s] INFO:colcon.colcon_core.shell:Creating package script '/home/parallels/DynORBBase/src/dynorb/install/dynorb/share/dynorb/package.ps1'
[56.647s] INFO:colcon.colcon_core.shell:Creating package descriptor '/home/parallels/DynORBBase/src/dynorb/install/dynorb/share/dynorb/package.dsv'
[56.647s] INFO:colcon.colcon_core.shell:Creating package script '/home/parallels/DynORBBase/src/dynorb/install/dynorb/share/dynorb/package.sh'
[56.647s] INFO:colcon.colcon_core.shell:Creating package script '/home/parallels/DynORBBase/src/dynorb/install/dynorb/share/dynorb/package.bash'
[56.647s] INFO:colcon.colcon_core.shell:Creating package script '/home/parallels/DynORBBase/src/dynorb/install/dynorb/share/dynorb/package.zsh'
[56.648s] Level 1:colcon.colcon_core.environment:create_file_with_runtime_dependencies(/home/parallels/DynORBBase/src/dynorb/install/dynorb/share/colcon-core/packages/dynorb)
[56.648s] DEBUG:colcon.colcon_parallel_executor.executor.parallel:closing loop
[56.649s] DEBUG:colcon.colcon_parallel_executor.executor.parallel:loop closed
[56.649s] DEBUG:colcon.colcon_parallel_executor.executor.parallel:run_until_complete finished with '0'
[56.649s] DEBUG:colcon.colcon_core.event_reactor:joining thread
[56.679s] INFO:colcon.colcon_core.plugin_system:Skipping extension 'colcon_notification.desktop_notification.terminal_notifier': Not used on non-Darwin systems
[56.679s] INFO:colcon.colcon_core.plugin_system:Skipping extension 'colcon_notification.desktop_notification.win32': Not used on non-Windows systems
[56.679s] INFO:colcon.colcon_notification.desktop_notification:Sending desktop notification using 'notify2'
[56.689s] DEBUG:colcon.colcon_core.event_reactor:joined thread
[56.690s] INFO:colcon.colcon_core.shell:Creating prefix script '/home/parallels/DynORBBase/src/dynorb/install/local_setup.ps1'
[56.690s] INFO:colcon.colcon_core.shell:Creating prefix util module '/home/parallels/DynORBBase/src/dynorb/install/_local_setup_util_ps1.py'
[56.691s] INFO:colcon.colcon_core.shell:Creating prefix chain script '/home/parallels/DynORBBase/src/dynorb/install/setup.ps1'
[56.692s] INFO:colcon.colcon_core.shell:Creating prefix script '/home/parallels/DynORBBase/src/dynorb/install/local_setup.sh'
[56.692s] INFO:colcon.colcon_core.shell:Creating prefix util module '/home/parallels/DynORBBase/src/dynorb/install/_local_setup_util_sh.py'
[56.692s] INFO:colcon.colcon_core.shell:Creating prefix chain script '/home/parallels/DynORBBase/src/dynorb/install/setup.sh'
[56.693s] INFO:colcon.colcon_core.shell:Creating prefix script '/home/parallels/DynORBBase/src/dynorb/install/local_setup.bash'
[56.693s] INFO:colcon.colcon_core.shell:Creating prefix chain script '/home/parallels/DynORBBase/src/dynorb/install/setup.bash'
[56.694s] INFO:colcon.colcon_core.shell:Creating prefix script '/home/parallels/DynORBBase/src/dynorb/install/local_setup.zsh'
[56.694s] INFO:colcon.colcon_core.shell:Creating prefix chain script '/home/parallels/DynORBBase/src/dynorb/install/setup.zsh'
