[0.212s] DEBUG:colcon:Command line arguments: ['/usr/bin/colcon', 'build']
[0.212s] DEBUG:colcon:Parsed command line arguments: Namespace(log_base=None, log_level=None, verb_name='build', build_base='build', install_base='install', merge_install=False, symlink_install=False, test_result_base=None, continue_on_error=False, executor='parallel', parallel_workers=2, event_handlers=None, ignore_user_meta=False, metas=['./colcon.meta'], base_paths=['.'], packages_ignore=None, packages_ignore_regex=None, paths=None, packages_up_to=None, packages_up_to_regex=None, packages_above=None, packages_above_and_dependencies=None, packages_above_depth=None, packages_select_by_dep=None, packages_skip_by_dep=None, packages_skip_up_to=None, packages_select_build_failed=False, packages_skip_build_finished=False, packages_select_test_failures=False, packages_skip_test_passed=False, packages_select=None, packages_skip=None, packages_select_regex=None, packages_skip_regex=None, packages_start=None, packages_end=None, allow_overriding=[], cmake_args=None, cmake_target=None, cmake_target_skip_unavailable=False, cmake_clean_cache=False, cmake_clean_first=False, cmake_force_configure=False, ament_cmake_args=None, catkin_cmake_args=None, catkin_skip_building_tests=False, mixin_files=None, mixin=None, verb_parser=<colcon_mixin.mixin.mixin_argument.MixinArgumentDecorator object at 0xffffa660ac80>, verb_extension=<colcon_core.verb.build.BuildVerb object at 0xffffa660a6b0>, main=<bound method BuildVerb.main of <colcon_core.verb.build.BuildVerb object at 0xffffa660a6b0>>, mixin_verb=('build',))
[0.466s] Level 1:colcon.colcon_core.package_discovery:discover_packages(colcon_meta) check parameters
[0.466s] Level 1:colcon.colcon_core.package_discovery:discover_packages(recursive) check parameters
[0.466s] Level 1:colcon.colcon_core.package_discovery:discover_packages(ignore) check parameters
[0.466s] Level 1:colcon.colcon_core.package_discovery:discover_packages(path) check parameters
[0.466s] Level 1:colcon.colcon_core.package_discovery:discover_packages(colcon_meta) discover
[0.466s] Level 1:colcon.colcon_core.package_discovery:discover_packages(recursive) discover
[0.466s] INFO:colcon.colcon_core.package_discovery:Crawling recursively for packages in '/home/parallels/DynORBBase/src/dynorb'
[0.466s] Level 1:colcon.colcon_core.package_identification:_identify(.) by extensions ['ignore', 'ignore_ament_install']
[0.466s] Level 1:colcon.colcon_core.package_identification:_identify(.) by extension 'ignore'
[0.466s] Level 1:colcon.colcon_core.package_identification:_identify(.) by extension 'ignore_ament_install'
[0.466s] Level 1:colcon.colcon_core.package_identification:_identify(.) by extensions ['colcon_pkg']
[0.466s] Level 1:colcon.colcon_core.package_identification:_identify(.) by extension 'colcon_pkg'
[0.466s] Level 1:colcon.colcon_core.package_identification:_identify(.) by extensions ['colcon_meta']
[0.466s] Level 1:colcon.colcon_core.package_identification:_identify(.) by extension 'colcon_meta'
[0.466s] Level 1:colcon.colcon_core.package_identification:_identify(.) by extensions ['ros']
[0.466s] Level 1:colcon.colcon_core.package_identification:_identify(.) by extension 'ros'
[0.477s] DEBUG:colcon.colcon_core.package_identification:Package '.' with type 'ros.ament_cmake' and name 'dynorb'
[0.477s] Level 1:colcon.colcon_core.package_discovery:discover_packages(recursive) using defaults
[0.477s] Level 1:colcon.colcon_core.package_discovery:discover_packages(ignore) discover
[0.477s] Level 1:colcon.colcon_core.package_discovery:discover_packages(ignore) using defaults
[0.477s] Level 1:colcon.colcon_core.package_discovery:discover_packages(path) discover
[0.477s] Level 1:colcon.colcon_core.package_discovery:discover_packages(path) using defaults
[0.512s] Level 1:colcon.colcon_core.package_discovery:discover_packages(prefix_path) check parameters
[0.512s] Level 1:colcon.colcon_core.package_discovery:discover_packages(prefix_path) discover
[0.515s] DEBUG:colcon.colcon_installed_package_information.package_discovery:Found 2 installed packages in /home/parallels/DynORBBase/src/dynorb/install
[0.515s] DEBUG:colcon.colcon_installed_package_information.package_discovery:Found 3 installed packages in /home/parallels/DynORBBase/install
[0.515s] DEBUG:colcon.colcon_installed_package_information.package_discovery:Found 4 installed packages in /home/parallels/DynORBBase/src/install
[0.517s] DEBUG:colcon.colcon_installed_package_information.package_discovery:Found 270 installed packages in /opt/ros/humble
[0.518s] Level 1:colcon.colcon_core.package_discovery:discover_packages(prefix_path) using defaults
[0.586s] Level 5:colcon.colcon_core.verb:set package 'dynorb' build argument 'cmake_args' from command line to 'None'
[0.586s] Level 5:colcon.colcon_core.verb:set package 'dynorb' build argument 'cmake_target' from command line to 'None'
[0.586s] Level 5:colcon.colcon_core.verb:set package 'dynorb' build argument 'cmake_target_skip_unavailable' from command line to 'False'
[0.586s] Level 5:colcon.colcon_core.verb:set package 'dynorb' build argument 'cmake_clean_cache' from command line to 'False'
[0.586s] Level 5:colcon.colcon_core.verb:set package 'dynorb' build argument 'cmake_clean_first' from command line to 'False'
[0.586s] Level 5:colcon.colcon_core.verb:set package 'dynorb' build argument 'cmake_force_configure' from command line to 'False'
[0.586s] Level 5:colcon.colcon_core.verb:set package 'dynorb' build argument 'ament_cmake_args' from command line to 'None'
[0.586s] Level 5:colcon.colcon_core.verb:set package 'dynorb' build argument 'catkin_cmake_args' from command line to 'None'
[0.586s] Level 5:colcon.colcon_core.verb:set package 'dynorb' build argument 'catkin_skip_building_tests' from command line to 'False'
[0.586s] DEBUG:colcon.colcon_core.verb:Building package 'dynorb' with the following arguments: {'ament_cmake_args': None, 'build_base': '/home/parallels/DynORBBase/src/dynorb/build/dynorb', 'catkin_cmake_args': None, 'catkin_skip_building_tests': False, 'cmake_args': None, 'cmake_clean_cache': False, 'cmake_clean_first': False, 'cmake_force_configure': False, 'cmake_target': None, 'cmake_target_skip_unavailable': False, 'install_base': '/home/parallels/DynORBBase/src/dynorb/install/dynorb', 'merge_install': False, 'path': '/home/parallels/DynORBBase/src/dynorb', 'symlink_install': False, 'test_result_base': None}
[0.586s] INFO:colcon.colcon_core.executor:Executing jobs using 'parallel' executor
[0.587s] DEBUG:colcon.colcon_parallel_executor.executor.parallel:run_until_complete
[0.587s] INFO:colcon.colcon_ros.task.ament_cmake.build:Building ROS package in '/home/parallels/DynORBBase/src/dynorb' with build type 'ament_cmake'
[0.588s] INFO:colcon.colcon_cmake.task.cmake.build:Building CMake package in '/home/parallels/DynORBBase/src/dynorb'
[0.592s] INFO:colcon.colcon_core.plugin_system:Skipping extension 'colcon_core.shell.bat': Not used on non-Windows systems
[0.592s] INFO:colcon.colcon_core.shell:Skip shell extension 'powershell' for command environment: Not usable outside of PowerShell
[0.592s] DEBUG:colcon.colcon_core.shell:Skip shell extension 'dsv' for command environment
[0.610s] DEBUG:colcon.colcon_core.event_handler.log_command:Invoking command in '/home/parallels/DynORBBase/src/dynorb/build/dynorb': CMAKE_PREFIX_PATH=${CMAKE_PREFIX_PATH}:/home/parallels/DynORBBase/install/sam_tracking:/home/parallels/DynORBBase/src/install/sam_tracking:/opt/ros/humble /usr/bin/cmake --build /home/parallels/DynORBBase/src/dynorb/build/dynorb -- -j2 -l2
[523.575s] DEBUG:colcon.colcon_parallel_executor.executor.parallel:run_until_complete was interrupted
[523.606s] DEBUG:colcon.colcon_parallel_executor.executor.parallel:run_until_complete again
[523.643s] DEBUG:colcon.colcon_core.event_handler.log_command:Invoked command in '/home/parallels/DynORBBase/src/dynorb/build/dynorb' returned '-2': CMAKE_PREFIX_PATH=${CMAKE_PREFIX_PATH}:/home/parallels/DynORBBase/install/sam_tracking:/home/parallels/DynORBBase/src/install/sam_tracking:/opt/ros/humble /usr/bin/cmake --build /home/parallels/DynORBBase/src/dynorb/build/dynorb -- -j2 -l2
[523.709s] Level 1:colcon.colcon_core.environment:create_environment_scripts_only(dynorb)
[523.750s] Level 1:colcon.colcon_core.environment:checking '/home/parallels/DynORBBase/src/dynorb/install/dynorb' for CMake module files
[523.754s] Level 1:colcon.colcon_core.environment:checking '/home/parallels/DynORBBase/src/dynorb/install/dynorb' for CMake config files
[523.755s] Level 1:colcon.colcon_core.shell:create_environment_hook('dynorb', 'cmake_prefix_path')
[523.756s] INFO:colcon.colcon_core.shell:Creating environment hook '/home/parallels/DynORBBase/src/dynorb/install/dynorb/share/dynorb/hook/cmake_prefix_path.ps1'
[523.772s] INFO:colcon.colcon_core.shell:Creating environment descriptor '/home/parallels/DynORBBase/src/dynorb/install/dynorb/share/dynorb/hook/cmake_prefix_path.dsv'
[523.774s] INFO:colcon.colcon_core.shell:Creating environment hook '/home/parallels/DynORBBase/src/dynorb/install/dynorb/share/dynorb/hook/cmake_prefix_path.sh'
[523.788s] Level 1:colcon.colcon_core.environment:checking '/home/parallels/DynORBBase/src/dynorb/install/dynorb/bin'
[523.788s] Level 1:colcon.colcon_core.environment:checking '/home/parallels/DynORBBase/src/dynorb/install/dynorb/lib/pkgconfig/dynorb.pc'
[523.796s] Level 1:colcon.colcon_core.environment:checking '/home/parallels/DynORBBase/src/dynorb/install/dynorb/lib/python3.10/site-packages'
[523.796s] Level 1:colcon.colcon_core.environment:checking '/home/parallels/DynORBBase/src/dynorb/install/dynorb/bin'
[523.796s] INFO:colcon.colcon_core.shell:Creating package script '/home/parallels/DynORBBase/src/dynorb/install/dynorb/share/dynorb/package.ps1'
[523.798s] INFO:colcon.colcon_core.shell:Creating package descriptor '/home/parallels/DynORBBase/src/dynorb/install/dynorb/share/dynorb/package.dsv'
[523.799s] INFO:colcon.colcon_core.shell:Creating package script '/home/parallels/DynORBBase/src/dynorb/install/dynorb/share/dynorb/package.sh'
[523.801s] INFO:colcon.colcon_core.shell:Creating package script '/home/parallels/DynORBBase/src/dynorb/install/dynorb/share/dynorb/package.bash'
[523.804s] INFO:colcon.colcon_core.shell:Creating package script '/home/parallels/DynORBBase/src/dynorb/install/dynorb/share/dynorb/package.zsh'
[523.806s] Level 1:colcon.colcon_core.environment:create_file_with_runtime_dependencies(/home/parallels/DynORBBase/src/dynorb/install/dynorb/share/colcon-core/packages/dynorb)
[523.821s] DEBUG:colcon.colcon_parallel_executor.executor.parallel:run_until_complete finished
[523.821s] DEBUG:colcon.colcon_parallel_executor.executor.parallel:closing loop
[523.823s] DEBUG:colcon.colcon_parallel_executor.executor.parallel:loop closed
[523.824s] DEBUG:colcon.colcon_core.event_reactor:joining thread
[523.859s] INFO:colcon.colcon_core.plugin_system:Skipping extension 'colcon_notification.desktop_notification.terminal_notifier': Not used on non-Darwin systems
[523.859s] INFO:colcon.colcon_core.plugin_system:Skipping extension 'colcon_notification.desktop_notification.win32': Not used on non-Windows systems
[523.859s] INFO:colcon.colcon_notification.desktop_notification:Sending desktop notification using 'notify2'
[523.905s] DEBUG:colcon.colcon_core.event_reactor:joined thread
[523.907s] INFO:colcon.colcon_core.shell:Creating prefix script '/home/parallels/DynORBBase/src/dynorb/install/local_setup.ps1'
[523.909s] INFO:colcon.colcon_core.shell:Creating prefix util module '/home/parallels/DynORBBase/src/dynorb/install/_local_setup_util_ps1.py'
[523.910s] INFO:colcon.colcon_core.shell:Creating prefix chain script '/home/parallels/DynORBBase/src/dynorb/install/setup.ps1'
[523.913s] INFO:colcon.colcon_core.shell:Creating prefix script '/home/parallels/DynORBBase/src/dynorb/install/local_setup.sh'
[523.914s] INFO:colcon.colcon_core.shell:Creating prefix util module '/home/parallels/DynORBBase/src/dynorb/install/_local_setup_util_sh.py'
[523.914s] INFO:colcon.colcon_core.shell:Creating prefix chain script '/home/parallels/DynORBBase/src/dynorb/install/setup.sh'
[523.916s] INFO:colcon.colcon_core.shell:Creating prefix script '/home/parallels/DynORBBase/src/dynorb/install/local_setup.bash'
[523.917s] INFO:colcon.colcon_core.shell:Creating prefix chain script '/home/parallels/DynORBBase/src/dynorb/install/setup.bash'
[523.917s] INFO:colcon.colcon_core.shell:Creating prefix script '/home/parallels/DynORBBase/src/dynorb/install/local_setup.zsh'
[523.918s] INFO:colcon.colcon_core.shell:Creating prefix chain script '/home/parallels/DynORBBase/src/dynorb/install/setup.zsh'
